C:\Users\chgu\Dropbox\Master\AutoCAD\ARX\LineManageAssitant\LineManageAssistant\MFCLineManageAssistant\x64\Debug\cl.command.1.tlog
C:\Users\chgu\Dropbox\Master\AutoCAD\ARX\LineManageAssitant\LineManageAssistant\MFCLineManageAssistant\x64\Debug\CL.read.1.tlog
C:\Users\chgu\Dropbox\Master\AutoCAD\ARX\LineManageAssitant\LineManageAssistant\MFCLineManageAssistant\x64\Debug\CL.write.1.tlog
C:\USERS\CHGU\DROPBOX\MASTER\AUTOCAD\ARX\LINEMANAGEASSITANT\LINEMANAGEASSISTANT\MFCLINEMANAGEASSISTANT\X64\DEBUG\CUTCOMMANDMGR.OBJ
C:\Users\chgu\Dropbox\Master\AutoCAD\ARX\LineManageAssitant\LineManageAssistant\MFCLineManageAssistant\x64\Debug\link.command.1.tlog
C:\Users\chgu\Dropbox\Master\AutoCAD\ARX\LineManageAssitant\LineManageAssistant\MFCLineManageAssistant\x64\Debug\link.read.1.tlog
C:\Users\chgu\Dropbox\Master\AutoCAD\ARX\LineManageAssitant\LineManageAssistant\MFCLineManageAssistant\x64\Debug\link.write.1.tlog
C:\Users\chgu\Dropbox\Master\AutoCAD\ARX\LineManageAssitant\LineManageAssistant\MFCLineManageAssistant\x64\Debug\link-cvtres.read.1.tlog
C:\Users\chgu\Dropbox\Master\AutoCAD\ARX\LineManageAssitant\LineManageAssistant\MFCLineManageAssistant\x64\Debug\link-cvtres.write.1.tlog
C:\USERS\CHGU\DROPBOX\MASTER\AUTOCAD\ARX\LINEMANAGEASSITANT\LINEMANAGEASSISTANT\MFCLINEMANAGEASSISTANT\X64\DEBUG\MENULMAMAIN.OBJ
C:\USERS\CHGU\DROPBOX\MASTER\AUTOCAD\ARX\LINEMANAGEASSITANT\LINEMANAGEASSISTANT\MFCLINEMANAGEASSISTANT\X64\DEBUG\MENUMANAGER.OBJ
C:\USERS\CHGU\DROPBOX\MASTER\AUTOCAD\ARX\LINEMANAGEASSITANT\LINEMANAGEASSISTANT\MFCLINEMANAGEASSISTANT\X64\DEBUG\MFCLINEMANAGEASSISTANT.OBJ
C:\USERS\CHGU\DROPBOX\MASTER\AUTOCAD\ARX\LINEMANAGEASSITANT\LINEMANAGEASSISTANT\MFCLINEMANAGEASSISTANT\X64\DEBUG\MFCLINEMANAGEASSISTANT.RES
C:\Users\chgu\Dropbox\Master\AutoCAD\ARX\LineManageAssitant\LineManageAssistant\MFCLineManageAssistant\x64\Debug\MFCLineManageAssistant.write.1.tlog
C:\USERS\CHGU\DROPBOX\MASTER\AUTOCAD\ARX\LINEMANAGEASSITANT\LINEMANAGEASSISTANT\MFCLINEMANAGEASSISTANT\X64\DEBUG\MFCLMA.ARX.INTERMEDIATE.MANIFEST
C:\Users\chgu\Dropbox\Master\AutoCAD\ARX\LineManageAssitant\LineManageAssistant\MFCLineManageAssistant\x64\Debug\mt.command.1.tlog
C:\Users\chgu\Dropbox\Master\AutoCAD\ARX\LineManageAssitant\LineManageAssistant\MFCLineManageAssistant\x64\Debug\mt.read.1.tlog
C:\Users\chgu\Dropbox\Master\AutoCAD\ARX\LineManageAssitant\LineManageAssistant\MFCLineManageAssistant\x64\Debug\mt.write.1.tlog
C:\Users\chgu\Dropbox\Master\AutoCAD\ARX\LineManageAssitant\LineManageAssistant\MFCLineManageAssistant\x64\Debug\rc.command.1.tlog
C:\Users\chgu\Dropbox\Master\AutoCAD\ARX\LineManageAssitant\LineManageAssistant\MFCLineManageAssistant\x64\Debug\rc.read.1.tlog
C:\Users\chgu\Dropbox\Master\AutoCAD\ARX\LineManageAssitant\LineManageAssistant\MFCLineManageAssistant\x64\Debug\rc.write.1.tlog
C:\USERS\CHGU\DROPBOX\MASTER\AUTOCAD\ARX\LINEMANAGEASSITANT\LINEMANAGEASSISTANT\MFCLINEMANAGEASSISTANT\X64\DEBUG\STDAFX.OBJ
C:\USERS\CHGU\DROPBOX\MASTER\AUTOCAD\ARX\LINEMANAGEASSITANT\LINEMANAGEASSISTANT\MFCLINEMANAGEASSISTANT\X64\DEBUG\VC100.PDB
C:\USERS\CHGU\DROPBOX\MASTER\AUTOCAD\ARX\LINEMANAGEASSITANT\LINEMANAGEASSISTANT\X64\DEBUG\MFCLMA.ARX
C:\Users\chgu\Dropbox\Master\AutoCAD\ARX\LineManageAssitant\LineManageAssistant\x64\Debug\mfclma.exp
C:\USERS\CHGU\DROPBOX\MASTER\AUTOCAD\ARX\LINEMANAGEASSITANT\LINEMANAGEASSISTANT\X64\DEBUG\MFCLMA.ILK
C:\Users\chgu\Dropbox\Master\AutoCAD\ARX\LineManageAssitant\LineManageAssistant\x64\Debug\mfclma.lib
C:\USERS\CHGU\DROPBOX\MASTER\AUTOCAD\ARX\LINEMANAGEASSITANT\LINEMANAGEASSISTANT\X64\DEBUG\MFCLMA.PDB
