C:\Users\chgu\Dropbox\Master\AutoCAD\ARX\ADXFirst\ARXDemo\ARXDemo\x64\Debug\ARXDemo.arx.intermediate.manifest
C:\USERS\CHGU\DROPBOX\MASTER\AUTOCAD\ARX\ADXFIRST\ARXDEMO\ARXDEMO\X64\DEBUG\ARXDEMO.OBJ
C:\Users\chgu\Dropbox\Master\AutoCAD\ARX\ADXFirst\ARXDemo\ARXDemo\x64\Debug\ARXDemo.write.1.tlog
C:\Users\chgu\Dropbox\Master\AutoCAD\ARX\ADXFirst\ARXDemo\ARXDemo\x64\Debug\cl.command.1.tlog
C:\Users\chgu\Dropbox\Master\AutoCAD\ARX\ADXFirst\ARXDemo\ARXDemo\x64\Debug\CL.read.1.tlog
C:\Users\chgu\Dropbox\Master\AutoCAD\ARX\ADXFirst\ARXDemo\ARXDemo\x64\Debug\CL.write.1.tlog
C:\USERS\CHGU\DROPBOX\MASTER\AUTOCAD\ARX\ADXFIRST\ARXDEMO\ARXDEMO\X64\DEBUG\CUTCOMMANDMGR.OBJ
C:\USERS\CHGU\DROPBOX\MASTER\AUTOCAD\ARX\ADXFIRST\ARXDEMO\ARXDEMO\X64\DEBUG\DLLMAIN.OBJ
C:\Users\chgu\Dropbox\Master\AutoCAD\ARX\ADXFirst\ARXDemo\ARXDemo\x64\Debug\link.command.1.tlog
C:\Users\chgu\Dropbox\Master\AutoCAD\ARX\ADXFirst\ARXDemo\ARXDemo\x64\Debug\link.read.1.tlog
C:\Users\chgu\Dropbox\Master\AutoCAD\ARX\ADXFirst\ARXDemo\ARXDemo\x64\Debug\link.write.1.tlog
C:\Users\chgu\Dropbox\Master\AutoCAD\ARX\ADXFirst\ARXDemo\ARXDemo\x64\Debug\mt.command.1.tlog
C:\Users\chgu\Dropbox\Master\AutoCAD\ARX\ADXFirst\ARXDemo\ARXDemo\x64\Debug\mt.read.1.tlog
C:\Users\chgu\Dropbox\Master\AutoCAD\ARX\ADXFirst\ARXDemo\ARXDemo\x64\Debug\mt.write.1.tlog
C:\USERS\CHGU\DROPBOX\MASTER\AUTOCAD\ARX\ADXFIRST\ARXDEMO\ARXDEMO\X64\DEBUG\STDAFX.OBJ
C:\USERS\CHGU\DROPBOX\MASTER\AUTOCAD\ARX\ADXFIRST\ARXDEMO\ARXDEMO\X64\DEBUG\VC100.PDB
C:\USERS\CHGU\DROPBOX\MASTER\AUTOCAD\ARX\ADXFIRST\ARXDEMO\X64\DEBUG\ARXDEMO.ARX
C:\Users\chgu\Dropbox\Master\AutoCAD\ARX\ADXFirst\ARXDemo\x64\Debug\ARXDemo.exp
C:\Users\chgu\Dropbox\Master\AutoCAD\ARX\ADXFirst\ARXDemo\x64\Debug\ARXDemo.lib
C:\Users\chgu\Dropbox\Master\AutoCAD\ARX\ADXFirst\ARXDemo\x64\Debug\ARXDemo.pdb
