C:\Users\chgu\Dropbox\Master\AutoCAD\ARX\LineManageAssitant\LineManageAssistant\ARXDemo\x64\Debug\cl.command.1.tlog
C:\Users\chgu\Dropbox\Master\AutoCAD\ARX\LineManageAssitant\LineManageAssistant\ARXDemo\x64\Debug\CL.read.1.tlog
C:\Users\chgu\Dropbox\Master\AutoCAD\ARX\LineManageAssitant\LineManageAssistant\ARXDemo\x64\Debug\CL.write.1.tlog
C:\USERS\CHGU\DROPBOX\MASTER\AUTOCAD\ARX\LINEMANAGEASSITANT\LINEMANAGEASSISTANT\ARXDEMO\X64\DEBUG\CUTCOMMANDMGR.OBJ
C:\USERS\CHGU\DROPBOX\MASTER\AUTOCAD\ARX\LINEMANAGEASSITANT\LINEMANAGEASSISTANT\ARXDEMO\X64\DEBUG\DLLMAIN.OBJ
C:\USERS\CHGU\DROPBOX\MASTER\AUTOCAD\ARX\LINEMANAGEASSITANT\LINEMANAGEASSISTANT\ARXDEMO\X64\DEBUG\LINEMANAGEASSISTANT.OBJ
C:\Users\chgu\Dropbox\Master\AutoCAD\ARX\LineManageAssitant\LineManageAssistant\ARXDemo\x64\Debug\link.command.1.tlog
C:\Users\chgu\Dropbox\Master\AutoCAD\ARX\LineManageAssitant\LineManageAssistant\ARXDemo\x64\Debug\link.read.1.tlog
C:\Users\chgu\Dropbox\Master\AutoCAD\ARX\LineManageAssitant\LineManageAssistant\ARXDemo\x64\Debug\link.write.1.tlog
C:\Users\chgu\Dropbox\Master\AutoCAD\ARX\LineManageAssitant\LineManageAssistant\ARXDemo\x64\Debug\link-cvtres.read.1.tlog
C:\Users\chgu\Dropbox\Master\AutoCAD\ARX\LineManageAssitant\LineManageAssistant\ARXDemo\x64\Debug\link-cvtres.write.1.tlog
C:\Users\chgu\Dropbox\Master\AutoCAD\ARX\LineManageAssitant\LineManageAssistant\ARXDemo\x64\Debug\lma.arx.intermediate.manifest
C:\USERS\CHGU\DROPBOX\MASTER\AUTOCAD\ARX\LINEMANAGEASSITANT\LINEMANAGEASSISTANT\ARXDEMO\X64\DEBUG\LMAMENU.RES
C:\USERS\CHGU\DROPBOX\MASTER\AUTOCAD\ARX\LINEMANAGEASSITANT\LINEMANAGEASSISTANT\ARXDEMO\X64\DEBUG\MENULMAMAIN.OBJ
C:\USERS\CHGU\DROPBOX\MASTER\AUTOCAD\ARX\LINEMANAGEASSITANT\LINEMANAGEASSISTANT\ARXDEMO\X64\DEBUG\MENUMANAGER.OBJ
C:\Users\chgu\Dropbox\Master\AutoCAD\ARX\LineManageAssitant\LineManageAssistant\ARXDemo\x64\Debug\rc.command.1.tlog
C:\Users\chgu\Dropbox\Master\AutoCAD\ARX\LineManageAssitant\LineManageAssistant\ARXDemo\x64\Debug\rc.read.1.tlog
C:\Users\chgu\Dropbox\Master\AutoCAD\ARX\LineManageAssitant\LineManageAssistant\ARXDemo\x64\Debug\rc.write.1.tlog
C:\USERS\CHGU\DROPBOX\MASTER\AUTOCAD\ARX\LINEMANAGEASSITANT\LINEMANAGEASSISTANT\ARXDEMO\X64\DEBUG\STDAFX.OBJ
C:\USERS\CHGU\DROPBOX\MASTER\AUTOCAD\ARX\LINEMANAGEASSITANT\LINEMANAGEASSISTANT\ARXDEMO\X64\DEBUG\VC100.PDB
C:\Users\chgu\Dropbox\Master\AutoCAD\ARX\LineManageAssitant\LineManageAssistant\x64\Debug\lma.pdb
