..\binary\Debug\x64\lma.pdb
C:\USERS\CHGU\DROPBOX\MASTER\AUTOCAD\ARX\LINEMANAGEASSITANT\MAIN\BINARY\DEBUG\ADDLINEDIALOG.OBJ
C:\USERS\CHGU\DROPBOX\MASTER\AUTOCAD\ARX\LINEMANAGEASSITANT\MAIN\BINARY\DEBUG\ASDKACUIDIALOGSAMPLE.OBJ
C:\USERS\CHGU\DROPBOX\MASTER\AUTOCAD\ARX\LINEMANAGEASSITANT\MAIN\BINARY\DEBUG\ASDKACUISAMPLE.RES
C:\Users\chgu\Dropbox\Master\AutoCAD\ARX\LineManageAssitant\main\binary\Debug\cl.command.1.tlog
C:\Users\chgu\Dropbox\Master\AutoCAD\ARX\LineManageAssitant\main\binary\Debug\CL.read.1.tlog
C:\Users\chgu\Dropbox\Master\AutoCAD\ARX\LineManageAssitant\main\binary\Debug\CL.write.1.tlog
C:\USERS\CHGU\DROPBOX\MASTER\AUTOCAD\ARX\LINEMANAGEASSITANT\MAIN\BINARY\DEBUG\COMMANDMANAGER.OBJ
C:\USERS\CHGU\DROPBOX\MASTER\AUTOCAD\ARX\LINEMANAGEASSITANT\MAIN\BINARY\DEBUG\GLOBALDATACONFIG.OBJ
C:\USERS\CHGU\DROPBOX\MASTER\AUTOCAD\ARX\LINEMANAGEASSITANT\MAIN\BINARY\DEBUG\LINECATEGORYITEMDATA.OBJ
C:\USERS\CHGU\DROPBOX\MASTER\AUTOCAD\ARX\LINEMANAGEASSITANT\MAIN\BINARY\DEBUG\LINECONFIGDATAMANAGER.OBJ
C:\USERS\CHGU\DROPBOX\MASTER\AUTOCAD\ARX\LINEMANAGEASSITANT\MAIN\BINARY\DEBUG\LINECONFIGDIALOG.OBJ
C:\USERS\CHGU\DROPBOX\MASTER\AUTOCAD\ARX\LINEMANAGEASSITANT\MAIN\BINARY\DEBUG\LINECUTPOSDIALOG.OBJ
C:\USERS\CHGU\DROPBOX\MASTER\AUTOCAD\ARX\LINEMANAGEASSITANT\MAIN\BINARY\DEBUG\LINEMANAGEASSISTANT.PCH
C:\Users\chgu\Dropbox\Master\AutoCAD\ARX\LineManageAssitant\main\binary\Debug\LineManageAssistant.write.1.tlog
C:\USERS\CHGU\DROPBOX\MASTER\AUTOCAD\ARX\LINEMANAGEASSITANT\MAIN\BINARY\DEBUG\LINEMANAGEASSITANT.OBJ
C:\USERS\CHGU\DROPBOX\MASTER\AUTOCAD\ARX\LINEMANAGEASSITANT\MAIN\BINARY\DEBUG\LINETYPECONFIGPROPERTYSHEET.OBJ
C:\Users\chgu\Dropbox\Master\AutoCAD\ARX\LineManageAssitant\main\binary\Debug\link.command.1.tlog
C:\Users\chgu\Dropbox\Master\AutoCAD\ARX\LineManageAssitant\main\binary\Debug\link.read.1.tlog
C:\Users\chgu\Dropbox\Master\AutoCAD\ARX\LineManageAssitant\main\binary\Debug\link.write.1.tlog
C:\Users\chgu\Dropbox\Master\AutoCAD\ARX\LineManageAssitant\main\binary\Debug\link-cvtres.read.1.tlog
C:\Users\chgu\Dropbox\Master\AutoCAD\ARX\LineManageAssitant\main\binary\Debug\link-cvtres.write.1.tlog
C:\USERS\CHGU\DROPBOX\MASTER\AUTOCAD\ARX\LINEMANAGEASSITANT\MAIN\BINARY\DEBUG\LMA.ARX.INTERMEDIATE.MANIFEST
C:\Users\chgu\Dropbox\Master\AutoCAD\ARX\LineManageAssitant\main\binary\Debug\lma.exp
C:\Users\chgu\Dropbox\Master\AutoCAD\ARX\LineManageAssitant\main\binary\Debug\lma.lib
C:\USERS\CHGU\DROPBOX\MASTER\AUTOCAD\ARX\LINEMANAGEASSITANT\MAIN\BINARY\DEBUG\MENULMAMAIN.OBJ
C:\USERS\CHGU\DROPBOX\MASTER\AUTOCAD\ARX\LINEMANAGEASSITANT\MAIN\BINARY\DEBUG\MENUMANAGER.OBJ
C:\Users\chgu\Dropbox\Master\AutoCAD\ARX\LineManageAssitant\main\binary\Debug\mt.command.1.tlog
C:\Users\chgu\Dropbox\Master\AutoCAD\ARX\LineManageAssitant\main\binary\Debug\mt.read.1.tlog
C:\Users\chgu\Dropbox\Master\AutoCAD\ARX\LineManageAssitant\main\binary\Debug\mt.write.1.tlog
C:\Users\chgu\Dropbox\Master\AutoCAD\ARX\LineManageAssitant\main\binary\Debug\rc.command.1.tlog
C:\Users\chgu\Dropbox\Master\AutoCAD\ARX\LineManageAssitant\main\binary\Debug\rc.read.1.tlog
C:\Users\chgu\Dropbox\Master\AutoCAD\ARX\LineManageAssitant\main\binary\Debug\rc.write.1.tlog
C:\USERS\CHGU\DROPBOX\MASTER\AUTOCAD\ARX\LINEMANAGEASSITANT\MAIN\BINARY\DEBUG\STDAFX.OBJ
C:\USERS\CHGU\DROPBOX\MASTER\AUTOCAD\ARX\LINEMANAGEASSITANT\MAIN\BINARY\DEBUG\X64\LMA.ARX
C:\USERS\CHGU\DROPBOX\MASTER\AUTOCAD\ARX\LINEMANAGEASSITANT\MAIN\BINARY\DEBUG\X64\LMA.PDB
C:\Users\chgu\Dropbox\Master\AutoCAD\ARX\LineManageAssitant\main\project\..\binary\Debug\x64\lma.arx
