Build started 2012/12/4 5:50:12.
     1>Project "C:\Users\chgu\Dropbox\Master\AutoCAD\ARX\ADXFirst\ARXDemo\ARXDemo\ARXDemo.vcxproj" on node 2 (build target(s)).
     1>InitializeBuildStatus:
         Creating "Debug\ARXDemo.unsuccessfulbuild" because "AlwaysCreate" was specified.
       ClCompile:
         All outputs are up-to-date.
         C:\Program Files (x86)\Microsoft Visual Studio 10.0\VC\bin\CL.exe /c /I"C:\ObjectARX 2013\inc-Win32" /I"C:\ObjectARX 2013\inc" /ZI /nologo /W3 /WX- /Od /Oy- /D WIN32 /D _DEBUG /D _WINDOWS /D _USRDLL /D ARXDEMO_EXPORTS /D _WINDLL /D _UNICODE /D UNICODE /Gm /EHsc /RTC1 /MDd /GS /fp:precise /Zc:wchar_t /Zc:forScope /Yu"StdAfx.h" /Fp"Debug\ARXDemo.pch" /Fo"Debug\\" /Fd"Debug\vc100.pdb" /Gd /TP /analyze- /errorReport:prompt ARXDemo.cpp
         ARXDemo.cpp
         All outputs are up-to-date.
       ManifestResourceCompile:
         All outputs are up-to-date.
       Link:
         C:\Program Files (x86)\Microsoft Visual Studio 10.0\VC\bin\link.exe /ERRORREPORT:PROMPT /OUT:"C:\Users\chgu\Dropbox\Master\AutoCAD\ARX\ADXFirst\ARXDemo\Win32\Debug\ARXDemo.arx" /INCREMENTAL /NOLOGO /LIBPATH:"C:\ObjectARX 2013\lib-Win32" rxapi.lib acdb19.lib /DEF:"C:\ObjectARX 2013\inc\AcRxDefault.def" /MANIFEST /ManifestFile:"Debug\ARXDemo.arx.intermediate.manifest" /MANIFESTUAC:"level='asInvoker' uiAccess='false'" /DEBUG /PDB:"C:\Users\chgu\Dropbox\Master\AutoCAD\ARX\ADXFirst\ARXDemo\Win32\Debug\ARXDemo.pdb" /SUBSYSTEM:WINDOWS /TLBID:1 /DYNAMICBASE /NXCOMPAT /IMPLIB:"C:\Users\chgu\Dropbox\Master\AutoCAD\ARX\ADXFirst\ARXDemo\Win32\Debug\ARXDemo.lib" /MACHINE:X86 /DLL Debug\ARXDemo.arx.embed.manifest.res
         Debug\ARXDemo.obj
         Debug\dllmain.obj
         Debug\stdafx.obj
       Manifest:
         C:\Program Files (x86)\Microsoft SDKs\Windows\v7.0A\bin\mt.exe /nologo /verbose /out:"Debug\ARXDemo.arx.embed.manifest" /manifest Debug\ARXDemo.arx.intermediate.manifest
         All outputs are up-to-date.
       LinkEmbedManifest:
         All outputs are up-to-date.
         ARXDemo.vcxproj -> C:\Users\chgu\Dropbox\Master\AutoCAD\ARX\ADXFirst\ARXDemo\Win32\Debug\ARXDemo.arx
       FinalizeBuildStatus:
         Deleting file "Debug\ARXDemo.unsuccessfulbuild".
         Touching "Debug\ARXDemo.lastbuildstate".
     1>Done Building Project "C:\Users\chgu\Dropbox\Master\AutoCAD\ARX\ADXFirst\ARXDemo\ARXDemo\ARXDemo.vcxproj" (build target(s)).

Build succeeded.

Time Elapsed 00:00:11.30
