C:\USERS\CHGU\DROPBOX\MASTER\AUTOCAD\ARX\ADXFIRST\ARXDEMO\ARXDEMO\DEBUG\ARXDEMO.ARX.EMBED.MANIFEST
C:\USERS\CHGU\DROPBOX\MASTER\AUTOCAD\ARX\ADXFIRST\ARXDEMO\ARXDEMO\DEBUG\ARXDEMO.ARX.EMBED.MANIFEST.RES
C:\USERS\CHGU\DROPBOX\MASTER\AUTOCAD\ARX\ADXFIRST\ARXDEMO\ARXDEMO\DEBUG\ARXDEMO.ARX.INTERMEDIATE.MANIFEST
C:\USERS\CHGU\DROPBOX\MASTER\AUTOCAD\ARX\ADXFIRST\ARXDEMO\ARXDEMO\DEBUG\ARXDEMO.OBJ
C:\USERS\CHGU\DROPBOX\MASTER\AUTOCAD\ARX\ADXFIRST\ARXDEMO\ARXDEMO\DEBUG\ARXDEMO.PCH
C:\Users\chgu\Dropbox\Master\AutoCAD\ARX\ADXFirst\ARXDemo\ARXDemo\Debug\ARXDemo.write.1.tlog
C:\Users\chgu\Dropbox\Master\AutoCAD\ARX\ADXFirst\ARXDemo\ARXDemo\Debug\ARXDemo_manifest.rc
C:\Users\chgu\Dropbox\Master\AutoCAD\ARX\ADXFirst\ARXDemo\ARXDemo\Debug\cl.command.1.tlog
C:\Users\chgu\Dropbox\Master\AutoCAD\ARX\ADXFirst\ARXDemo\ARXDemo\Debug\CL.read.1.tlog
C:\Users\chgu\Dropbox\Master\AutoCAD\ARX\ADXFirst\ARXDemo\ARXDemo\Debug\CL.write.1.tlog
C:\USERS\CHGU\DROPBOX\MASTER\AUTOCAD\ARX\ADXFIRST\ARXDEMO\ARXDEMO\DEBUG\DLLMAIN.OBJ
C:\Users\chgu\Dropbox\Master\AutoCAD\ARX\ADXFirst\ARXDemo\ARXDemo\Debug\link.10660.read.1.tlog
C:\Users\chgu\Dropbox\Master\AutoCAD\ARX\ADXFirst\ARXDemo\ARXDemo\Debug\link.10660.write.1.tlog
C:\Users\chgu\Dropbox\Master\AutoCAD\ARX\ADXFirst\ARXDemo\ARXDemo\Debug\link.10660-cvtres.read.1.tlog
C:\Users\chgu\Dropbox\Master\AutoCAD\ARX\ADXFirst\ARXDemo\ARXDemo\Debug\link.10660-cvtres.write.1.tlog
C:\Users\chgu\Dropbox\Master\AutoCAD\ARX\ADXFirst\ARXDemo\ARXDemo\Debug\link.command.1.tlog
C:\Users\chgu\Dropbox\Master\AutoCAD\ARX\ADXFirst\ARXDemo\ARXDemo\Debug\link.read.1.tlog
C:\Users\chgu\Dropbox\Master\AutoCAD\ARX\ADXFirst\ARXDemo\ARXDemo\Debug\link.write.1.tlog
C:\Users\chgu\Dropbox\Master\AutoCAD\ARX\ADXFirst\ARXDemo\ARXDemo\Debug\link-cvtres.read.1.tlog
C:\Users\chgu\Dropbox\Master\AutoCAD\ARX\ADXFirst\ARXDemo\ARXDemo\Debug\link-cvtres.write.1.tlog
C:\Users\chgu\Dropbox\Master\AutoCAD\ARX\ADXFirst\ARXDemo\ARXDemo\Debug\mt.command.1.tlog
C:\Users\chgu\Dropbox\Master\AutoCAD\ARX\ADXFirst\ARXDemo\ARXDemo\Debug\mt.read.1.tlog
C:\Users\chgu\Dropbox\Master\AutoCAD\ARX\ADXFirst\ARXDemo\ARXDemo\Debug\mt.write.1.tlog
C:\Users\chgu\Dropbox\Master\AutoCAD\ARX\ADXFirst\ARXDemo\ARXDemo\Debug\rc.command.1.tlog
C:\Users\chgu\Dropbox\Master\AutoCAD\ARX\ADXFirst\ARXDemo\ARXDemo\Debug\rc.read.1.tlog
C:\Users\chgu\Dropbox\Master\AutoCAD\ARX\ADXFirst\ARXDemo\ARXDemo\Debug\rc.write.1.tlog
C:\USERS\CHGU\DROPBOX\MASTER\AUTOCAD\ARX\ADXFIRST\ARXDEMO\ARXDEMO\DEBUG\STDAFX.OBJ
C:\Users\chgu\Dropbox\Master\AutoCAD\ARX\ADXFirst\ARXDemo\ARXDemo\Debug\vc100.idb
C:\USERS\CHGU\DROPBOX\MASTER\AUTOCAD\ARX\ADXFIRST\ARXDEMO\ARXDEMO\DEBUG\VC100.PDB
C:\Users\chgu\Dropbox\Master\AutoCAD\ARX\ADXFirst\ARXDemo\Debug\ARXDemo.exp
C:\Users\chgu\Dropbox\Master\AutoCAD\ARX\ADXFirst\ARXDemo\Debug\ARXDemo.lib
C:\USERS\CHGU\DROPBOX\MASTER\AUTOCAD\ARX\ADXFIRST\ARXDEMO\WIN32\DEBUG\ARXDEMO.ARX
C:\Users\chgu\Dropbox\Master\AutoCAD\ARX\ADXFirst\ARXDemo\Win32\Debug\ARXDemo.exp
C:\USERS\CHGU\DROPBOX\MASTER\AUTOCAD\ARX\ADXFIRST\ARXDEMO\WIN32\DEBUG\ARXDEMO.ILK
C:\Users\chgu\Dropbox\Master\AutoCAD\ARX\ADXFirst\ARXDemo\Win32\Debug\ARXDemo.lib
C:\USERS\CHGU\DROPBOX\MASTER\AUTOCAD\ARX\ADXFIRST\ARXDEMO\WIN32\DEBUG\ARXDEMO.PDB
